{"/home/manhnd/project/react-search-app/src/App.tsx": {"path":"/home/manhnd/project/react-search-app/src/App.tsx","statementMap":{"0":{"start":{"line":1,"column":0},"end":{"line":1,"column":36}},"1":{"start":{"line":4,"column":2},"end":{"line":8,"column":null}},"2":{"start":{"line":11,"column":0},"end":{"line":11,"column":null}}},"fnMap":{"0":{"name":"App","decl":{"start":{"line":3,"column":9},"end":{"line":3,"column":12}},"loc":{"start":{"line":3,"column":12},"end":{"line":9,"column":1}}}},"branchMap":{},"s":{"0":0,"1":0,"2":0},"f":{"0":0},"b":{}}
,"/home/manhnd/project/react-search-app/src/main.tsx": {"path":"/home/manhnd/project/react-search-app/src/main.tsx","statementMap":{"0":{"start":{"line":1,"column":0},"end":{"line":1,"column":34}},"1":{"start":{"line":2,"column":0},"end":{"line":2,"column":45}},"2":{"start":{"line":3,"column":0},"end":{"line":3,"column":20}},"3":{"start":{"line":4,"column":0},"end":{"line":4,"column":27}},"4":{"start":{"line":6,"column":0},"end":{"line":10,"column":null}}},"fnMap":{},"branchMap":{},"s":{"0":0,"1":0,"2":0,"3":0,"4":0},"f":{},"b":{}}
,"/home/manhnd/project/react-search-app/src/vite-env.d.ts": {"path":"/home/manhnd/project/react-search-app/src/vite-env.d.ts","statementMap":{},"fnMap":{},"branchMap":{},"s":{},"f":{},"b":{}}
,"/home/manhnd/project/react-search-app/src/apis/search.ts": {"path":"/home/manhnd/project/react-search-app/src/apis/search.ts","statementMap":{"0":{"start":{"line":1,"column":0},"end":{"line":1,"column":26}},"1":{"start":{"line":2,"column":0},"end":{"line":2,"column":80}},"2":{"start":{"line":6,"column":2},"end":{"line":6,"column":142}},"3":{"start":{"line":9,"column":2},"end":{"line":9,"column":141}},"4":{"start":{"line":16,"column":32},"end":{"line":23,"column":1}},"5":{"start":{"line":17,"column":2},"end":{"line":22,"column":3}},"6":{"start":{"line":18,"column":21},"end":{"line":18,"column":75}},"7":{"start":{"line":19,"column":4},"end":{"line":19,"column":68}},"8":{"start":{"line":21,"column":4},"end":{"line":21,"column":33}},"9":{"start":{"line":16,"column":13},"end":{"line":16,"column":32}},"10":{"start":{"line":30,"column":36},"end":{"line":39,"column":1}},"11":{"start":{"line":31,"column":2},"end":{"line":38,"column":3}},"12":{"start":{"line":32,"column":21},"end":{"line":33,"column":null}},"13":{"start":{"line":35,"column":4},"end":{"line":35,"column":72}},"14":{"start":{"line":37,"column":4},"end":{"line":37,"column":33}},"15":{"start":{"line":30,"column":13},"end":{"line":30,"column":36}}},"fnMap":{"0":{"name":"(anonymous_1)","decl":{"start":{"line":16,"column":32},"end":{"line":16,"column":37}},"loc":{"start":{"line":16,"column":58},"end":{"line":23,"column":1}}},"1":{"name":"(anonymous_2)","decl":{"start":{"line":30,"column":36},"end":{"line":30,"column":41}},"loc":{"start":{"line":30,"column":62},"end":{"line":39,"column":1}}}},"branchMap":{},"s":{"0":2,"1":2,"2":2,"3":2,"4":2,"5":0,"6":0,"7":0,"8":0,"9":2,"10":2,"11":0,"12":0,"13":0,"14":0,"15":2},"f":{"0":0,"1":0},"b":{}}
,"/home/manhnd/project/react-search-app/src/assets/icons/CrossIcon.tsx": {"path":"/home/manhnd/project/react-search-app/src/assets/icons/CrossIcon.tsx","statementMap":{"0":{"start":{"line":2,"column":2},"end":{"line":27,"column":4}},"1":{"start":{"line":29,"column":0},"end":{"line":29,"column":25}}},"fnMap":{"0":{"name":"CrossIcon","decl":{"start":{"line":1,"column":9},"end":{"line":1,"column":18}},"loc":{"start":{"line":1,"column":18},"end":{"line":28,"column":1}}}},"branchMap":{},"s":{"0":10,"1":2},"f":{"0":10},"b":{}}
,"/home/manhnd/project/react-search-app/src/assets/icons/LogoIcon.tsx": {"path":"/home/manhnd/project/react-search-app/src/assets/icons/LogoIcon.tsx","statementMap":{"0":{"start":{"line":2,"column":2},"end":{"line":17,"column":4}},"1":{"start":{"line":19,"column":0},"end":{"line":19,"column":24}}},"fnMap":{"0":{"name":"LogoIcon","decl":{"start":{"line":1,"column":9},"end":{"line":1,"column":17}},"loc":{"start":{"line":1,"column":17},"end":{"line":18,"column":1}}}},"branchMap":{},"s":{"0":4,"1":1},"f":{"0":4},"b":{}}
,"/home/manhnd/project/react-search-app/src/assets/icons/SearchIcon.tsx": {"path":"/home/manhnd/project/react-search-app/src/assets/icons/SearchIcon.tsx","statementMap":{"0":{"start":{"line":2,"column":2},"end":{"line":17,"column":4}},"1":{"start":{"line":20,"column":0},"end":{"line":20,"column":26}}},"fnMap":{"0":{"name":"SearchIcon","decl":{"start":{"line":1,"column":9},"end":{"line":1,"column":19}},"loc":{"start":{"line":1,"column":19},"end":{"line":18,"column":1}}}},"branchMap":{},"s":{"0":20,"1":2},"f":{"0":20},"b":{}}
,"/home/manhnd/project/react-search-app/src/components/SearchBar/index.tsx": {"path":"/home/manhnd/project/react-search-app/src/components/SearchBar/index.tsx","statementMap":{"0":{"start":{"line":1,"column":0},"end":{"line":1,"column":52}},"1":{"start":{"line":2,"column":0},"end":{"line":2,"column":55}},"2":{"start":{"line":3,"column":0},"end":{"line":3,"column":49}},"3":{"start":{"line":4,"column":0},"end":{"line":4,"column":51}},"4":{"start":{"line":5,"column":0},"end":{"line":5,"column":55}},"5":{"start":{"line":12,"column":62},"end":{"line":12,"column":78}},"6":{"start":{"line":13,"column":46},"end":{"line":13,"column":61}},"7":{"start":{"line":14,"column":60},"end":{"line":14,"column":72}},"8":{"start":{"line":15,"column":38},"end":{"line":15,"column":50}},"9":{"start":{"line":16,"column":19},"end":{"line":16,"column":56}},"10":{"start":{"line":18,"column":2},"end":{"line":20,"column":23}},"11":{"start":{"line":19,"column":4},"end":{"line":19,"column":54}},"12":{"start":{"line":19,"column":25},"end":{"line":19,"column":54}},"13":{"start":{"line":22,"column":28},"end":{"line":31,"column":3}},"14":{"start":{"line":23,"column":4},"end":{"line":23,"column":25}},"15":{"start":{"line":24,"column":4},"end":{"line":30,"column":5}},"16":{"start":{"line":25,"column":6},"end":{"line":25,"column":30}},"17":{"start":{"line":26,"column":6},"end":{"line":26,"column":30}},"18":{"start":{"line":28,"column":6},"end":{"line":28,"column":25}},"19":{"start":{"line":29,"column":6},"end":{"line":29,"column":31}},"20":{"start":{"line":33,"column":23},"end":{"line":39,"column":3}},"21":{"start":{"line":34,"column":4},"end":{"line":34,"column":28}},"22":{"start":{"line":34,"column":21},"end":{"line":34,"column":28}},"23":{"start":{"line":36,"column":4},"end":{"line":36,"column":23}},"24":{"start":{"line":37,"column":4},"end":{"line":37,"column":29}},"25":{"start":{"line":38,"column":4},"end":{"line":38,"column":25}},"26":{"start":{"line":41,"column":24},"end":{"line":60,"column":3}},"27":{"start":{"line":42,"column":4},"end":{"line":47,"column":5}},"28":{"start":{"line":43,"column":6},"end":{"line":45,"column":7}},"29":{"start":{"line":44,"column":8},"end":{"line":44,"column":68}},"30":{"start":{"line":46,"column":6},"end":{"line":46,"column":28}},"31":{"start":{"line":49,"column":4},"end":{"line":54,"column":5}},"32":{"start":{"line":50,"column":6},"end":{"line":50,"column":25}},"33":{"start":{"line":51,"column":6},"end":{"line":53,"column":8}},"34":{"start":{"line":52,"column":8},"end":{"line":52,"column":55}},"35":{"start":{"line":56,"column":4},"end":{"line":59,"column":5}},"36":{"start":{"line":57,"column":6},"end":{"line":57,"column":25}},"37":{"start":{"line":58,"column":6},"end":{"line":58,"column":68}},"38":{"start":{"line":58,"column":42},"end":{"line":58,"column":65}},"39":{"start":{"line":62,"column":27},"end":{"line":66,"column":3}},"40":{"start":{"line":63,"column":4},"end":{"line":63,"column":30}},"41":{"start":{"line":64,"column":4},"end":{"line":64,"column":62}},"42":{"start":{"line":64,"column":26},"end":{"line":64,"column":62}},"43":{"start":{"line":65,"column":4},"end":{"line":65,"column":19}},"44":{"start":{"line":68,"column":22},"end":{"line":74,"column":3}},"45":{"start":{"line":69,"column":4},"end":{"line":69,"column":22}},"46":{"start":{"line":70,"column":4},"end":{"line":70,"column":54}},"47":{"start":{"line":70,"column":26},"end":{"line":70,"column":54}},"48":{"start":{"line":71,"column":4},"end":{"line":71,"column":31}},"49":{"start":{"line":72,"column":4},"end":{"line":72,"column":23}},"50":{"start":{"line":73,"column":4},"end":{"line":73,"column":29}},"51":{"start":{"line":76,"column":2},"end":{"line":118,"column":4}},"52":{"start":{"line":83,"column":27},"end":{"line":83,"column":60}},"53":{"start":{"line":85,"column":25},"end":{"line":85,"column":48}},"54":{"start":{"line":121,"column":0},"end":{"line":121,"column":25}}},"fnMap":{"0":{"name":"SearchBar","decl":{"start":{"line":11,"column":9},"end":{"line":11,"column":18}},"loc":{"start":{"line":11,"column":48},"end":{"line":119,"column":1}}},"1":{"name":"(anonymous_2)","decl":{"start":{"line":18,"column":12},"end":{"line":18,"column":15}},"loc":{"start":{"line":18,"column":17},"end":{"line":20,"column":3}}},"2":{"name":"(anonymous_3)","decl":{"start":{"line":22,"column":28},"end":{"line":22,"column":29}},"loc":{"start":{"line":22,"column":46},"end":{"line":31,"column":3}}},"3":{"name":"(anonymous_4)","decl":{"start":{"line":33,"column":23},"end":{"line":33,"column":26}},"loc":{"start":{"line":33,"column":28},"end":{"line":39,"column":3}}},"4":{"name":"(anonymous_5)","decl":{"start":{"line":41,"column":24},"end":{"line":41,"column":25}},"loc":{"start":{"line":41,"column":69},"end":{"line":60,"column":3}}},"5":{"name":"(anonymous_6)","decl":{"start":{"line":51,"column":31},"end":{"line":51,"column":32}},"loc":{"start":{"line":52,"column":8},"end":{"line":52,"column":55}}},"6":{"name":"(anonymous_7)","decl":{"start":{"line":58,"column":31},"end":{"line":58,"column":32}},"loc":{"start":{"line":58,"column":42},"end":{"line":58,"column":65}}},"7":{"name":"(anonymous_8)","decl":{"start":{"line":62,"column":27},"end":{"line":62,"column":28}},"loc":{"start":{"line":62,"column":50},"end":{"line":66,"column":3}}},"8":{"name":"(anonymous_9)","decl":{"start":{"line":68,"column":22},"end":{"line":68,"column":25}},"loc":{"start":{"line":68,"column":27},"end":{"line":74,"column":3}}},"9":{"name":"(anonymous_10)","decl":{"start":{"line":83,"column":20},"end":{"line":83,"column":21}},"loc":{"start":{"line":83,"column":27},"end":{"line":83,"column":60}}},"10":{"name":"(anonymous_11)","decl":{"start":{"line":85,"column":19},"end":{"line":85,"column":22}},"loc":{"start":{"line":85,"column":25},"end":{"line":85,"column":48}}}},"branchMap":{"0":{"loc":{"start":{"line":19,"column":4},"end":{"line":19,"column":54}},"type":"if","locations":[{"start":{"line":19,"column":4},"end":{"line":19,"column":54}}]},"1":{"loc":{"start":{"line":24,"column":4},"end":{"line":30,"column":5}},"type":"if","locations":[{"start":{"line":24,"column":4},"end":{"line":30,"column":5}},{"start":{"line":27,"column":11},"end":{"line":30,"column":5}}]},"2":{"loc":{"start":{"line":34,"column":4},"end":{"line":34,"column":28}},"type":"if","locations":[{"start":{"line":34,"column":4},"end":{"line":34,"column":28}}]},"3":{"loc":{"start":{"line":42,"column":4},"end":{"line":47,"column":5}},"type":"if","locations":[{"start":{"line":42,"column":4},"end":{"line":47,"column":5}}]},"4":{"loc":{"start":{"line":43,"column":6},"end":{"line":45,"column":7}},"type":"if","locations":[{"start":{"line":43,"column":6},"end":{"line":45,"column":7}}]},"5":{"loc":{"start":{"line":49,"column":4},"end":{"line":54,"column":5}},"type":"if","locations":[{"start":{"line":49,"column":4},"end":{"line":54,"column":5}}]},"6":{"loc":{"start":{"line":52,"column":8},"end":{"line":52,"column":55}},"type":"cond-expr","locations":[{"start":{"line":52,"column":40},"end":{"line":52,"column":48}},{"start":{"line":52,"column":51},"end":{"line":52,"column":55}}]},"7":{"loc":{"start":{"line":56,"column":4},"end":{"line":59,"column":5}},"type":"if","locations":[{"start":{"line":56,"column":4},"end":{"line":59,"column":5}}]},"8":{"loc":{"start":{"line":58,"column":42},"end":{"line":58,"column":65}},"type":"cond-expr","locations":[{"start":{"line":58,"column":53},"end":{"line":58,"column":61}},{"start":{"line":58,"column":64},"end":{"line":58,"column":65}}]},"9":{"loc":{"start":{"line":64,"column":4},"end":{"line":64,"column":62}},"type":"if","locations":[{"start":{"line":64,"column":4},"end":{"line":64,"column":62}}]},"10":{"loc":{"start":{"line":70,"column":4},"end":{"line":70,"column":54}},"type":"if","locations":[{"start":{"line":70,"column":4},"end":{"line":70,"column":54}}]},"11":{"loc":{"start":{"line":88,"column":9},"end":{"line":95,"column":null}},"type":"binary-expr","locations":[{"start":{"line":88,"column":9},"end":{"line":88,"column":30}},{"start":{"line":89,"column":10},"end":{"line":94,"column":null}}]},"12":{"loc":{"start":{"line":98,"column":9},"end":{"line":105,"column":null}},"type":"binary-expr","locations":[{"start":{"line":98,"column":9},"end":{"line":98,"column":23}},{"start":{"line":98,"column":27},"end":{"line":98,"column":49}},{"start":{"line":99,"column":10},"end":{"line":104,"column":null}}]}},"s":{"0":2,"1":2,"2":2,"3":2,"4":2,"5":28,"6":28,"7":28,"8":28,"9":28,"10":28,"11":18,"12":13,"13":28,"14":5,"15":5,"16":5,"17":5,"18":0,"19":0,"20":28,"21":3,"22":0,"23":3,"24":3,"25":3,"26":28,"27":3,"28":2,"29":1,"30":1,"31":1,"32":1,"33":1,"34":1,"35":1,"36":0,"37":0,"38":0,"39":28,"40":2,"41":2,"42":2,"43":2,"44":28,"45":1,"46":1,"47":1,"48":1,"49":1,"50":1,"51":28,"52":5,"53":1,"54":2},"f":{"0":28,"1":18,"2":5,"3":3,"4":3,"5":1,"6":0,"7":2,"8":1,"9":5,"10":1},"b":{"0":[13],"1":[5,0],"2":[0],"3":[2],"4":[1],"5":[1],"6":[1,0],"7":[0],"8":[0,0],"9":[2],"10":[1],"11":[28,17],"12":[28,11,9]}}
,"/home/manhnd/project/react-search-app/src/components/SearchResult/index.tsx": {"path":"/home/manhnd/project/react-search-app/src/components/SearchResult/index.tsx","statementMap":{"0":{"start":{"line":2,"column":0},"end":{"line":2,"column":70}},"1":{"start":{"line":3,"column":0},"end":{"line":3,"column":52}},"2":{"start":{"line":14,"column":58},"end":{"line":14,"column":63}},"3":{"start":{"line":16,"column":25},"end":{"line":16,"column":50}},"4":{"start":{"line":17,"column":24},"end":{"line":17,"column":57}},"5":{"start":{"line":19,"column":2},"end":{"line":71,"column":4}},"6":{"start":{"line":30,"column":16},"end":{"line":32,"column":null}},"7":{"start":{"line":74,"column":0},"end":{"line":74,"column":28}}},"fnMap":{"0":{"name":"SearchResult","decl":{"start":{"line":13,"column":9},"end":{"line":13,"column":21}},"loc":{"start":{"line":13,"column":46},"end":{"line":72,"column":1}}},"1":{"name":"(anonymous_2)","decl":{"start":{"line":29,"column":24},"end":{"line":29,"column":25}},"loc":{"start":{"line":30,"column":16},"end":{"line":32,"column":null}}}},"branchMap":{"0":{"loc":{"start":{"line":21,"column":7},"end":{"line":68,"column":null}},"type":"cond-expr","locations":[{"start":{"line":22,"column":8},"end":{"line":62,"column":null}},{"start":{"line":65,"column":8},"end":{"line":67,"column":null}}]},"1":{"loc":{"start":{"line":28,"column":13},"end":{"line":61,"column":16}},"type":"binary-expr","locations":[{"start":{"line":28,"column":13},"end":{"line":28,"column":18}},{"start":{"line":29,"column":14},"end":{"line":61,"column":16}}]}},"s":{"0":2,"1":2,"2":5,"3":5,"4":5,"5":5,"6":7,"7":2},"f":{"0":5,"1":7},"b":{"0":[4,1],"1":[4,4]}}
,"/home/manhnd/project/react-search-app/src/components/SuggestionDropDown/index.tsx": {"path":"/home/manhnd/project/react-search-app/src/components/SuggestionDropDown/index.tsx","statementMap":{"0":{"start":{"line":1,"column":0},"end":{"line":1,"column":52}},"1":{"start":{"line":2,"column":0},"end":{"line":2,"column":67}},"2":{"start":{"line":19,"column":2},"end":{"line":40,"column":4}},"3":{"start":{"line":25,"column":32},"end":{"line":25,"column":81}},"4":{"start":{"line":26,"column":8},"end":{"line":37,"column":10}},"5":{"start":{"line":32,"column":32},"end":{"line":32,"column":46}},"6":{"start":{"line":33,"column":27},"end":{"line":33,"column":47}},"7":{"start":{"line":43,"column":0},"end":{"line":43,"column":34}}},"fnMap":{"0":{"name":"SuggestionDropdown","decl":{"start":{"line":12,"column":9},"end":{"line":12,"column":27}},"loc":{"start":{"line":18,"column":26},"end":{"line":41,"column":1}}},"1":{"name":"(anonymous_2)","decl":{"start":{"line":24,"column":23},"end":{"line":24,"column":24}},"loc":{"start":{"line":24,"column":45},"end":{"line":38,"column":7}}},"2":{"name":"(anonymous_3)","decl":{"start":{"line":32,"column":26},"end":{"line":32,"column":29}},"loc":{"start":{"line":32,"column":32},"end":{"line":32,"column":46}}},"3":{"name":"(anonymous_4)","decl":{"start":{"line":33,"column":21},"end":{"line":33,"column":24}},"loc":{"start":{"line":33,"column":27},"end":{"line":33,"column":47}}}},"branchMap":{"0":{"loc":{"start":{"line":30,"column":14},"end":{"line":30,"column":null}},"type":"cond-expr","locations":[{"start":{"line":30,"column":38},"end":{"line":30,"column":52}},{"start":{"line":30,"column":55},"end":{"line":30,"column":null}}]}},"s":{"0":3,"1":3,"2":10,"3":45,"4":45,"5":1,"6":2,"7":3},"f":{"0":10,"1":45,"2":1,"3":2},"b":{"0":[2,43]}}
,"/home/manhnd/project/react-search-app/src/components/common/Banner/index.tsx": {"path":"/home/manhnd/project/react-search-app/src/components/common/Banner/index.tsx","statementMap":{"0":{"start":{"line":1,"column":0},"end":{"line":1,"column":47}},"1":{"start":{"line":4,"column":2},"end":{"line":14,"column":4}},"2":{"start":{"line":17,"column":0},"end":{"line":17,"column":32}}},"fnMap":{"0":{"name":"SearchPageBanner","decl":{"start":{"line":3,"column":9},"end":{"line":3,"column":25}},"loc":{"start":{"line":3,"column":25},"end":{"line":15,"column":1}}}},"branchMap":{},"s":{"0":1,"1":4,"2":1},"f":{"0":4},"b":{}}
,"/home/manhnd/project/react-search-app/src/components/common/HighlightText/index.tsx": {"path":"/home/manhnd/project/react-search-app/src/components/common/HighlightText/index.tsx","statementMap":{"0":{"start":{"line":8,"column":26},"end":{"line":8,"column":31}},"1":{"start":{"line":10,"column":2},"end":{"line":18,"column":4}},"2":{"start":{"line":13,"column":8},"end":{"line":13,"column":26}},"3":{"start":{"line":21,"column":0},"end":{"line":21,"column":29}}},"fnMap":{"0":{"name":"HighlightText","decl":{"start":{"line":7,"column":9},"end":{"line":7,"column":22}},"loc":{"start":{"line":7,"column":36},"end":{"line":19,"column":1}}},"1":{"name":"(anonymous_1)","decl":{"start":{"line":12,"column":23},"end":{"line":12,"column":24}},"loc":{"start":{"line":13,"column":8},"end":{"line":13,"column":26}}}},"branchMap":{"0":{"loc":{"start":{"line":13,"column":37},"end":{"line":13,"column":71}},"type":"cond-expr","locations":[{"start":{"line":13,"column":55},"end":{"line":13,"column":66}},{"start":{"line":13,"column":69},"end":{"line":13,"column":71}}]}},"s":{"0":62,"1":62,"2":78,"3":5},"f":{"0":62,"1":78},"b":{"0":[18,60]}}
,"/home/manhnd/project/react-search-app/src/hooks/useSearch.ts": {"path":"/home/manhnd/project/react-search-app/src/hooks/useSearch.ts","statementMap":{"0":{"start":{"line":1,"column":0},"end":{"line":1,"column":33}},"1":{"start":{"line":2,"column":0},"end":{"line":2,"column":49}},"2":{"start":{"line":5,"column":25},"end":{"line":26,"column":1}},"3":{"start":{"line":6,"column":32},"end":{"line":6,"column":72}},"4":{"start":{"line":7,"column":32},"end":{"line":7,"column":47}},"5":{"start":{"line":8,"column":44},"end":{"line":8,"column":64}},"6":{"start":{"line":9,"column":28},"end":{"line":9,"column":54}},"7":{"start":{"line":11,"column":29},"end":{"line":23,"column":3}},"8":{"start":{"line":12,"column":4},"end":{"line":12,"column":21}},"9":{"start":{"line":13,"column":4},"end":{"line":22,"column":5}},"10":{"start":{"line":14,"column":23},"end":{"line":14,"column":52}},"11":{"start":{"line":15,"column":6},"end":{"line":15,"column":23}},"12":{"start":{"line":16,"column":6},"end":{"line":16,"column":30}},"13":{"start":{"line":18,"column":6},"end":{"line":18,"column":22}},"14":{"start":{"line":19,"column":6},"end":{"line":19,"column":60}},"15":{"start":{"line":21,"column":6},"end":{"line":21,"column":24}},"16":{"start":{"line":25,"column":2},"end":{"line":25,"column":72}},"17":{"start":{"line":5,"column":13},"end":{"line":5,"column":25}}},"fnMap":{"0":{"name":"(anonymous_0)","decl":{"start":{"line":5,"column":25},"end":{"line":5,"column":28}},"loc":{"start":{"line":5,"column":30},"end":{"line":26,"column":1}}},"1":{"name":"(anonymous_1)","decl":{"start":{"line":11,"column":29},"end":{"line":11,"column":34}},"loc":{"start":{"line":11,"column":53},"end":{"line":23,"column":3}}}},"branchMap":{},"s":{"0":2,"1":2,"2":2,"3":5,"4":5,"5":5,"6":5,"7":5,"8":2,"9":2,"10":2,"11":2,"12":2,"13":0,"14":0,"15":2,"16":5,"17":2},"f":{"0":5,"1":2},"b":{}}
,"/home/manhnd/project/react-search-app/src/hooks/useSuggestion.ts": {"path":"/home/manhnd/project/react-search-app/src/hooks/useSuggestion.ts","statementMap":{"0":{"start":{"line":1,"column":0},"end":{"line":1,"column":46}},"1":{"start":{"line":2,"column":0},"end":{"line":2,"column":39}},"2":{"start":{"line":3,"column":0},"end":{"line":3,"column":53}},"3":{"start":{"line":5,"column":30},"end":{"line":23,"column":1}},"4":{"start":{"line":6,"column":40},"end":{"line":6,"column":62}},"5":{"start":{"line":7,"column":27},"end":{"line":7,"column":51}},"6":{"start":{"line":7,"column":33},"end":{"line":7,"column":51}},"7":{"start":{"line":9,"column":27},"end":{"line":19,"column":null}},"8":{"start":{"line":11,"column":6},"end":{"line":11,"column":35}},"9":{"start":{"line":11,"column":28},"end":{"line":11,"column":35}},"10":{"start":{"line":12,"column":6},"end":{"line":17,"column":7}},"11":{"start":{"line":13,"column":25},"end":{"line":13,"column":58}},"12":{"start":{"line":14,"column":8},"end":{"line":14,"column":48}},"13":{"start":{"line":16,"column":8},"end":{"line":16,"column":59}},"14":{"start":{"line":22,"column":2},"end":{"line":22,"column":61}},"15":{"start":{"line":5,"column":13},"end":{"line":5,"column":30}}},"fnMap":{"0":{"name":"(anonymous_1)","decl":{"start":{"line":5,"column":30},"end":{"line":5,"column":33}},"loc":{"start":{"line":5,"column":35},"end":{"line":23,"column":1}}},"1":{"name":"(anonymous_2)","decl":{"start":{"line":7,"column":27},"end":{"line":7,"column":30}},"loc":{"start":{"line":7,"column":33},"end":{"line":7,"column":51}}},"2":{"name":"(anonymous_3)","decl":{"start":{"line":10,"column":13},"end":{"line":10,"column":18}},"loc":{"start":{"line":10,"column":37},"end":{"line":18,"column":5}}}},"branchMap":{"0":{"loc":{"start":{"line":11,"column":6},"end":{"line":11,"column":35}},"type":"if","locations":[{"start":{"line":11,"column":6},"end":{"line":11,"column":35}}]},"1":{"loc":{"start":{"line":14,"column":23},"end":{"line":14,"column":46}},"type":"binary-expr","locations":[{"start":{"line":14,"column":23},"end":{"line":14,"column":40}},{"start":{"line":14,"column":44},"end":{"line":14,"column":46}}]}},"s":{"0":2,"1":2,"2":2,"3":2,"4":15,"5":15,"6":2,"7":15,"8":3,"9":1,"10":2,"11":2,"12":1,"13":1,"14":15,"15":2},"f":{"0":15,"1":2,"2":3},"b":{"0":[1],"1":[1,0]}}
,"/home/manhnd/project/react-search-app/src/mock/mock-filter.ts": {"path":"/home/manhnd/project/react-search-app/src/mock/mock-filter.ts","statementMap":{"0":{"start":{"line":3,"column":34},"end":{"line":12,"column":1}},"1":{"start":{"line":7,"column":2},"end":{"line":9,"column":4}},"2":{"start":{"line":8,"column":4},"end":{"line":8,"column":79}},"3":{"start":{"line":10,"column":2},"end":{"line":10,"column":58}},"4":{"start":{"line":11,"column":2},"end":{"line":11,"column":16}},"5":{"start":{"line":3,"column":13},"end":{"line":3,"column":34}},"6":{"start":{"line":14,"column":38},"end":{"line":22,"column":1}},"7":{"start":{"line":18,"column":2},"end":{"line":20,"column":4}},"8":{"start":{"line":19,"column":4},"end":{"line":19,"column":32}},"9":{"start":{"line":21,"column":2},"end":{"line":21,"column":16}},"10":{"start":{"line":14,"column":13},"end":{"line":14,"column":38}}},"fnMap":{"0":{"name":"(anonymous_0)","decl":{"start":{"line":3,"column":34},"end":{"line":3,"column":null}},"loc":{"start":{"line":6,"column":4},"end":{"line":12,"column":1}}},"1":{"name":"(anonymous_1)","decl":{"start":{"line":7,"column":49},"end":{"line":7,"column":50}},"loc":{"start":{"line":8,"column":4},"end":{"line":8,"column":79}}},"2":{"name":"(anonymous_2)","decl":{"start":{"line":14,"column":38},"end":{"line":14,"column":null}},"loc":{"start":{"line":17,"column":4},"end":{"line":22,"column":1}}},"3":{"name":"(anonymous_3)","decl":{"start":{"line":18,"column":49},"end":{"line":18,"column":50}},"loc":{"start":{"line":19,"column":4},"end":{"line":19,"column":32}}}},"branchMap":{},"s":{"0":2,"1":0,"2":0,"3":0,"4":0,"5":2,"6":2,"7":0,"8":0,"9":0,"10":2},"f":{"0":0,"1":0,"2":0,"3":0},"b":{}}
,"/home/manhnd/project/react-search-app/src/page/Home/index.tsx": {"path":"/home/manhnd/project/react-search-app/src/page/Home/index.tsx","statementMap":{"0":{"start":{"line":1,"column":0},"end":{"line":1,"column":58}},"1":{"start":{"line":2,"column":0},"end":{"line":2,"column":47}},"2":{"start":{"line":3,"column":0},"end":{"line":3,"column":53}},"3":{"start":{"line":4,"column":0},"end":{"line":4,"column":46}},"4":{"start":{"line":12,"column":6},"end":{"line":12,"column":17}},"5":{"start":{"line":14,"column":19},"end":{"line":16,"column":3}},"6":{"start":{"line":15,"column":4},"end":{"line":15,"column":32}},"7":{"start":{"line":18,"column":2},"end":{"line":45,"column":4}},"8":{"start":{"line":48,"column":0},"end":{"line":48,"column":26}}},"fnMap":{"0":{"name":"SearchPage","decl":{"start":{"line":6,"column":9},"end":{"line":6,"column":19}},"loc":{"start":{"line":6,"column":19},"end":{"line":46,"column":1}}},"1":{"name":"(anonymous_2)","decl":{"start":{"line":14,"column":19},"end":{"line":14,"column":20}},"loc":{"start":{"line":14,"column":39},"end":{"line":16,"column":3}}}},"branchMap":{"0":{"loc":{"start":{"line":29,"column":9},"end":{"line":36,"column":null}},"type":"binary-expr","locations":[{"start":{"line":29,"column":9},"end":{"line":29,"column":21}},{"start":{"line":30,"column":10},"end":{"line":35,"column":null}}]},"1":{"loc":{"start":{"line":38,"column":9},"end":{"line":41,"column":null}},"type":"binary-expr","locations":[{"start":{"line":38,"column":9},"end":{"line":38,"column":16}},{"start":{"line":39,"column":10},"end":{"line":39,"column":null}}]}},"s":{"0":1,"1":1,"2":1,"3":1,"4":4,"5":4,"6":1,"7":4,"8":1},"f":{"0":4,"1":1},"b":{"0":[4,1],"1":[4,1]}}
,"/home/manhnd/project/react-search-app/src/utils/highlight-text.ts": {"path":"/home/manhnd/project/react-search-app/src/utils/highlight-text.ts","statementMap":{"0":{"start":{"line":10,"column":44},"end":{"line":35,"column":1}},"1":{"start":{"line":14,"column":2},"end":{"line":14,"column":61}},"2":{"start":{"line":14,"column":27},"end":{"line":14,"column":61}},"3":{"start":{"line":16,"column":32},"end":{"line":16,"column":34}},"4":{"start":{"line":17,"column":21},"end":{"line":17,"column":22}},"5":{"start":{"line":19,"column":2},"end":{"line":28,"column":3}},"6":{"start":{"line":20,"column":4},"end":{"line":25,"column":5}},"7":{"start":{"line":21,"column":6},"end":{"line":24,"column":9}},"8":{"start":{"line":26,"column":4},"end":{"line":26,"column":80}},"9":{"start":{"line":27,"column":4},"end":{"line":27,"column":29}},"10":{"start":{"line":30,"column":2},"end":{"line":32,"column":3}},"11":{"start":{"line":31,"column":4},"end":{"line":31,"column":72}},"12":{"start":{"line":34,"column":2},"end":{"line":34,"column":16}},"13":{"start":{"line":10,"column":13},"end":{"line":10,"column":44}},"14":{"start":{"line":41,"column":41},"end":{"line":74,"column":1}},"15":{"start":{"line":45,"column":2},"end":{"line":45,"column":57}},"16":{"start":{"line":45,"column":23},"end":{"line":45,"column":57}},"17":{"start":{"line":46,"column":2},"end":{"line":46,"column":41}},"18":{"start":{"line":47,"column":32},"end":{"line":47,"column":34}},"19":{"start":{"line":48,"column":14},"end":{"line":48,"column":15}},"20":{"start":{"line":49,"column":24},"end":{"line":49,"column":38}},"21":{"start":{"line":51,"column":2},"end":{"line":67,"column":3}},"22":{"start":{"line":52,"column":27},"end":{"line":52,"column":55}},"23":{"start":{"line":53,"column":4},"end":{"line":53,"column":37}},"24":{"start":{"line":53,"column":31},"end":{"line":53,"column":37}},"25":{"start":{"line":55,"column":4},"end":{"line":60,"column":5}},"26":{"start":{"line":56,"column":6},"end":{"line":59,"column":9}},"27":{"start":{"line":62,"column":4},"end":{"line":65,"column":7}},"28":{"start":{"line":66,"column":4},"end":{"line":66,"column":43}},"29":{"start":{"line":69,"column":2},"end":{"line":71,"column":3}},"30":{"start":{"line":70,"column":4},"end":{"line":70,"column":65}},"31":{"start":{"line":73,"column":2},"end":{"line":73,"column":16}},"32":{"start":{"line":41,"column":13},"end":{"line":41,"column":41}}},"fnMap":{"0":{"name":"(anonymous_0)","decl":{"start":{"line":10,"column":44},"end":{"line":10,"column":null}},"loc":{"start":{"line":13,"column":19},"end":{"line":35,"column":1}}},"1":{"name":"(anonymous_1)","decl":{"start":{"line":41,"column":41},"end":{"line":41,"column":null}},"loc":{"start":{"line":44,"column":19},"end":{"line":74,"column":1}}}},"branchMap":{"0":{"loc":{"start":{"line":14,"column":2},"end":{"line":14,"column":61}},"type":"if","locations":[{"start":{"line":14,"column":2},"end":{"line":14,"column":61}}]},"1":{"loc":{"start":{"line":20,"column":4},"end":{"line":25,"column":5}},"type":"if","locations":[{"start":{"line":20,"column":4},"end":{"line":25,"column":5}}]},"2":{"loc":{"start":{"line":30,"column":2},"end":{"line":32,"column":3}},"type":"if","locations":[{"start":{"line":30,"column":2},"end":{"line":32,"column":3}}]},"3":{"loc":{"start":{"line":45,"column":2},"end":{"line":45,"column":57}},"type":"if","locations":[{"start":{"line":45,"column":2},"end":{"line":45,"column":57}}]},"4":{"loc":{"start":{"line":53,"column":4},"end":{"line":53,"column":37}},"type":"if","locations":[{"start":{"line":53,"column":4},"end":{"line":53,"column":37}}]},"5":{"loc":{"start":{"line":55,"column":4},"end":{"line":60,"column":5}},"type":"if","locations":[{"start":{"line":55,"column":4},"end":{"line":60,"column":5}}]},"6":{"loc":{"start":{"line":69,"column":2},"end":{"line":71,"column":3}},"type":"if","locations":[{"start":{"line":69,"column":2},"end":{"line":71,"column":3}}]}},"s":{"0":3,"1":6,"2":3,"3":3,"4":3,"5":3,"6":4,"7":3,"8":4,"9":4,"10":3,"11":1,"12":3,"13":3,"14":3,"15":36,"16":0,"17":36,"18":36,"19":36,"20":36,"21":36,"22":51,"23":51,"24":30,"25":21,"26":7,"27":21,"28":21,"29":36,"30":30,"31":36,"32":3},"f":{"0":6,"1":36},"b":{"0":[3],"1":[3],"2":[1],"3":[0],"4":[30],"5":[7],"6":[30]}}
}
