TN:
SF:src/App.tsx
FN:3,App
FNF:1
FNH:0
FNDA:0,App
DA:1,0
DA:4,0
DA:11,0
LF:3
LH:0
BRF:0
BRH:0
end_of_record
TN:
SF:src/main.tsx
FNF:0
FNH:0
DA:1,0
DA:2,0
DA:3,0
DA:4,0
DA:6,0
LF:5
LH:0
BRF:0
BRH:0
end_of_record
TN:
SF:src/vite-env.d.ts
FNF:0
FNH:0
LF:0
LH:0
BRF:0
BRH:0
end_of_record
TN:
SF:src/apis/search.ts
FN:16,(anonymous_1)
FN:30,(anonymous_2)
FNF:2
FNH:0
FNDA:0,(anonymous_1)
FNDA:0,(anonymous_2)
DA:1,2
DA:2,2
DA:6,2
DA:9,2
DA:16,2
DA:17,0
DA:18,0
DA:19,0
DA:21,0
DA:30,2
DA:31,0
DA:32,0
DA:35,0
DA:37,0
LF:14
LH:6
BRF:0
BRH:0
end_of_record
TN:
SF:src/assets/icons/CrossIcon.tsx
FN:1,CrossIcon
FNF:1
FNH:1
FNDA:10,CrossIcon
DA:2,10
DA:29,2
LF:2
LH:2
BRF:0
BRH:0
end_of_record
TN:
SF:src/assets/icons/LogoIcon.tsx
FN:1,LogoIcon
FNF:1
FNH:1
FNDA:4,LogoIcon
DA:2,4
DA:19,1
LF:2
LH:2
BRF:0
BRH:0
end_of_record
TN:
SF:src/assets/icons/SearchIcon.tsx
FN:1,SearchIcon
FNF:1
FNH:1
FNDA:20,SearchIcon
DA:2,20
DA:20,2
LF:2
LH:2
BRF:0
BRH:0
end_of_record
TN:
SF:src/components/SearchBar/index.tsx
FN:11,SearchBar
FN:18,(anonymous_2)
FN:22,(anonymous_3)
FN:33,(anonymous_4)
FN:41,(anonymous_5)
FN:51,(anonymous_6)
FN:58,(anonymous_7)
FN:62,(anonymous_8)
FN:68,(anonymous_9)
FN:83,(anonymous_10)
FN:85,(anonymous_11)
FNF:11
FNH:10
FNDA:28,SearchBar
FNDA:18,(anonymous_2)
FNDA:5,(anonymous_3)
FNDA:3,(anonymous_4)
FNDA:3,(anonymous_5)
FNDA:1,(anonymous_6)
FNDA:0,(anonymous_7)
FNDA:2,(anonymous_8)
FNDA:1,(anonymous_9)
FNDA:5,(anonymous_10)
FNDA:1,(anonymous_11)
DA:1,2
DA:2,2
DA:3,2
DA:4,2
DA:5,2
DA:12,28
DA:13,28
DA:14,28
DA:15,28
DA:16,28
DA:18,28
DA:19,18
DA:22,28
DA:23,5
DA:24,5
DA:25,5
DA:26,5
DA:28,0
DA:29,0
DA:33,28
DA:34,3
DA:36,3
DA:37,3
DA:38,3
DA:41,28
DA:42,3
DA:43,2
DA:44,1
DA:46,1
DA:49,1
DA:50,1
DA:51,1
DA:52,1
DA:56,1
DA:57,0
DA:58,0
DA:62,28
DA:63,2
DA:64,2
DA:65,2
DA:68,28
DA:69,1
DA:70,1
DA:71,1
DA:72,1
DA:73,1
DA:76,28
DA:83,5
DA:85,1
DA:121,2
LF:50
LH:46
BRDA:19,0,0,13
BRDA:24,1,0,5
BRDA:24,1,1,0
BRDA:34,2,0,0
BRDA:42,3,0,2
BRDA:43,4,0,1
BRDA:49,5,0,1
BRDA:52,6,0,1
BRDA:52,6,1,0
BRDA:56,7,0,0
BRDA:58,8,0,0
BRDA:58,8,1,0
BRDA:64,9,0,2
BRDA:70,10,0,1
BRDA:88,11,0,28
BRDA:88,11,1,17
BRDA:98,12,0,28
BRDA:98,12,1,11
BRDA:98,12,2,9
BRF:19
BRH:13
end_of_record
TN:
SF:src/components/SearchResult/index.tsx
FN:13,SearchResult
FN:29,(anonymous_2)
FNF:2
FNH:2
FNDA:5,SearchResult
FNDA:7,(anonymous_2)
DA:2,2
DA:3,2
DA:14,5
DA:16,5
DA:17,5
DA:19,5
DA:30,7
DA:74,2
LF:8
LH:8
BRDA:21,0,0,4
BRDA:21,0,1,1
BRDA:28,1,0,4
BRDA:28,1,1,4
BRF:4
BRH:4
end_of_record
TN:
SF:src/components/SuggestionDropDown/index.tsx
FN:12,SuggestionDropdown
FN:24,(anonymous_2)
FN:32,(anonymous_3)
FN:33,(anonymous_4)
FNF:4
FNH:4
FNDA:10,SuggestionDropdown
FNDA:45,(anonymous_2)
FNDA:1,(anonymous_3)
FNDA:2,(anonymous_4)
DA:1,3
DA:2,3
DA:19,10
DA:25,45
DA:26,45
DA:32,1
DA:33,2
DA:43,3
LF:8
LH:8
BRDA:30,0,0,2
BRDA:30,0,1,43
BRF:2
BRH:2
end_of_record
TN:
SF:src/components/common/Banner/index.tsx
FN:3,SearchPageBanner
FNF:1
FNH:1
FNDA:4,SearchPageBanner
DA:1,1
DA:4,4
DA:17,1
LF:3
LH:3
BRF:0
BRH:0
end_of_record
TN:
SF:src/components/common/HighlightText/index.tsx
FN:7,HighlightText
FN:12,(anonymous_1)
FNF:2
FNH:2
FNDA:62,HighlightText
FNDA:78,(anonymous_1)
DA:8,62
DA:10,62
DA:13,78
DA:21,5
LF:4
LH:4
BRDA:13,0,0,18
BRDA:13,0,1,60
BRF:2
BRH:2
end_of_record
TN:
SF:src/hooks/useSearch.ts
FN:5,(anonymous_0)
FN:11,(anonymous_1)
FNF:2
FNH:2
FNDA:5,(anonymous_0)
FNDA:2,(anonymous_1)
DA:1,2
DA:2,2
DA:5,2
DA:6,5
DA:7,5
DA:8,5
DA:9,5
DA:11,5
DA:12,2
DA:13,2
DA:14,2
DA:15,2
DA:16,2
DA:18,0
DA:19,0
DA:21,2
DA:25,5
LF:17
LH:15
BRF:0
BRH:0
end_of_record
TN:
SF:src/hooks/useSuggestion.ts
FN:5,(anonymous_1)
FN:7,(anonymous_2)
FN:10,(anonymous_3)
FNF:3
FNH:3
FNDA:15,(anonymous_1)
FNDA:2,(anonymous_2)
FNDA:3,(anonymous_3)
DA:1,2
DA:2,2
DA:3,2
DA:5,2
DA:6,15
DA:7,15
DA:9,15
DA:11,3
DA:12,2
DA:13,2
DA:14,1
DA:16,1
DA:22,15
LF:13
LH:13
BRDA:11,0,0,1
BRDA:14,1,0,1
BRDA:14,1,1,0
BRF:3
BRH:2
end_of_record
TN:
SF:src/mock/mock-filter.ts
FN:3,(anonymous_0)
FN:7,(anonymous_1)
FN:14,(anonymous_2)
FN:18,(anonymous_3)
FNF:4
FNH:0
FNDA:0,(anonymous_0)
FNDA:0,(anonymous_1)
FNDA:0,(anonymous_2)
FNDA:0,(anonymous_3)
DA:3,2
DA:7,0
DA:8,0
DA:10,0
DA:11,0
DA:14,2
DA:18,0
DA:19,0
DA:21,0
LF:9
LH:2
BRF:0
BRH:0
end_of_record
TN:
SF:src/page/Home/index.tsx
FN:6,SearchPage
FN:14,(anonymous_2)
FNF:2
FNH:2
FNDA:4,SearchPage
FNDA:1,(anonymous_2)
DA:1,1
DA:2,1
DA:3,1
DA:4,1
DA:12,4
DA:14,4
DA:15,1
DA:18,4
DA:48,1
LF:9
LH:9
BRDA:29,0,0,4
BRDA:29,0,1,1
BRDA:38,1,0,4
BRDA:38,1,1,1
BRF:4
BRH:4
end_of_record
TN:
SF:src/utils/highlight-text.ts
FN:10,(anonymous_0)
FN:41,(anonymous_1)
FNF:2
FNH:2
FNDA:6,(anonymous_0)
FNDA:36,(anonymous_1)
DA:10,3
DA:14,6
DA:16,3
DA:17,3
DA:19,3
DA:20,4
DA:21,3
DA:26,4
DA:27,4
DA:30,3
DA:31,1
DA:34,3
DA:41,3
DA:45,36
DA:46,36
DA:47,36
DA:48,36
DA:49,36
DA:51,36
DA:52,51
DA:53,51
DA:55,21
DA:56,7
DA:62,21
DA:66,21
DA:69,36
DA:70,30
DA:73,36
LF:28
LH:28
BRDA:14,0,0,3
BRDA:20,1,0,3
BRDA:30,2,0,1
BRDA:45,3,0,0
BRDA:53,4,0,30
BRDA:55,5,0,7
BRDA:69,6,0,30
BRF:7
BRH:6
end_of_record
